
<html>
  <head>
    <title>Lab 00 - Graded Solution</title>
  </head>
  <body>
    <h1>Lab 00 - Graded Solution</h1>
    <p><b>You scored 0% = 0.0 points for this lab.</b></p>
    <ul>
      <li><b>Must return a string</b>
      <ul>
      <li>Grade Percentage: 10</li>
      <li>Your solution failed this test case! taking 0.073 sec</Li>
<li><pre>TypeError: my_palindrome() missing 1 required positional argument: 'x'</pre></li>
<li><pre>Traceback (most recent call last):
  File "/Users/lord_pretzel/.pyenv/versions/3.9.0/lib/python3.9/site-packages/grader-0.0.1-py3.9.egg/grader/execution_base.py", line 60, in call_test_function
    test_function(
  File "/Users/lord_pretzel/.pyenv/versions/3.9.0/lib/python3.9/site-packages/grader-0.0.1-py3.9.egg/grader/core.py", line 48, in wrapper
    result = test_function(module, *args, **kwargs)
  File "/var/folders/f7/xnz8v_b13td37s3k4w8t5j2h0000gn/T/tmpnzs4v7s3/lab00-test.py", line 8, in isString
    pal = m.module.my_palindrome()
TypeError: my_palindrome() missing 1 required positional argument: 'x'
</pre></li>
      </ul>
      </li>
      <li><b>String should not be empty</b>
      <ul>
      <li>Grade Percentage: 20</li>
      <li>Your solution failed this test case! taking 0.066 sec</Li>
<li><pre>TypeError: my_palindrome() missing 1 required positional argument: 'x'</pre></li>
<li><pre>Traceback (most recent call last):
  File "/Users/lord_pretzel/.pyenv/versions/3.9.0/lib/python3.9/site-packages/grader-0.0.1-py3.9.egg/grader/execution_base.py", line 60, in call_test_function
    test_function(
  File "/Users/lord_pretzel/.pyenv/versions/3.9.0/lib/python3.9/site-packages/grader-0.0.1-py3.9.egg/grader/core.py", line 48, in wrapper
    result = test_function(module, *args, **kwargs)
  File "/var/folders/f7/xnz8v_b13td37s3k4w8t5j2h0000gn/T/tmpqhcl8vn7/lab00-test.py", line 16, in nonEmpty
    pal = m.module.my_palindrome()
TypeError: my_palindrome() missing 1 required positional argument: 'x'
</pre></li>
      </ul>
      </li>
      <li><b>Length should be greater or equal to 2</b>
      <ul>
      <li>Grade Percentage: 20</li>
      <li>Your solution failed this test case! taking 0.071 sec</Li>
<li><pre>TypeError: my_palindrome() missing 1 required positional argument: 'x'</pre></li>
<li><pre>Traceback (most recent call last):
  File "/Users/lord_pretzel/.pyenv/versions/3.9.0/lib/python3.9/site-packages/grader-0.0.1-py3.9.egg/grader/execution_base.py", line 60, in call_test_function
    test_function(
  File "/Users/lord_pretzel/.pyenv/versions/3.9.0/lib/python3.9/site-packages/grader-0.0.1-py3.9.egg/grader/core.py", line 48, in wrapper
    result = test_function(module, *args, **kwargs)
  File "/var/folders/f7/xnz8v_b13td37s3k4w8t5j2h0000gn/T/tmpdvafki_j/lab00-test.py", line 24, in lenLargerTwo
    pal = m.module.my_palindrome()
TypeError: my_palindrome() missing 1 required positional argument: 'x'
</pre></li>
      </ul>
      </li>
      <li><b>String should be a palindrome</b>
      <ul>
      <li>Grade Percentage: 50</li>
      <li>Your solution failed this test case! taking 0.066 sec</Li>
<li><pre>TypeError: my_palindrome() missing 1 required positional argument: 'x'</pre></li>
<li><pre>Traceback (most recent call last):
  File "/Users/lord_pretzel/.pyenv/versions/3.9.0/lib/python3.9/site-packages/grader-0.0.1-py3.9.egg/grader/execution_base.py", line 60, in call_test_function
    test_function(
  File "/Users/lord_pretzel/.pyenv/versions/3.9.0/lib/python3.9/site-packages/grader-0.0.1-py3.9.egg/grader/core.py", line 48, in wrapper
    result = test_function(module, *args, **kwargs)
  File "/var/folders/f7/xnz8v_b13td37s3k4w8t5j2h0000gn/T/tmpkp_f9fwl/lab00-test.py", line 32, in isPalindrome
    pal = m.module.my_palindrome()
TypeError: my_palindrome() missing 1 required positional argument: 'x'
</pre></li>
      </ul>
      </li>
    </ul>
  </body>
</html>
